<?xml version="1.0" encoding="UTF-8"?>
<!-- Generated by org.testng.reporters.JUnitXMLReporter -->
<testsuite ignored="1" hostname="PUSPA" failures="0" tests="2" name="Test" time="27.268" errors="0" timestamp="15 Mar 2024 13:29:47 GMT">
  <testcase classname="testNGExecution.Remo" name="remo" time="16.686"/>
  <testcase classname="testNGExecution.Demo" name="demo" time="10.538"/>
  <testcase classname="testNGExecution.Sumo" name="sumo" time="0.0">
    <ignored/>
  </testcase> <!-- sumo -->
</testsuite> <!-- Test -->
