<?xml version="1.0" encoding="UTF-8"?>
<testng-results ignored="0" total="3" passed="3" failed="0" skipped="0">
  <reporter-output>
  </reporter-output>
  <suite started-at="2024-03-13T14:39:21Z" name="Suite" finished-at="2024-03-13T14:39:49Z" duration-ms="28321">
    <groups>
    </groups>
    <test started-at="2024-03-13T14:39:21Z" name="Test" finished-at="2024-03-13T14:39:49Z" duration-ms="28321">
      <class name="testNGExecution.Demo">
        <test-method signature="demo()[pri:0, instance:testNGExecution.Demo@30c93896]" started-at="2024-03-13T14:39:31Z" name="demo" finished-at="2024-03-13T14:39:40Z" duration-ms="9309" status="PASS">
          <reporter-output>
          </reporter-output>
        </test-method> <!-- demo -->
      </class> <!-- testNGExecution.Demo -->
      <class name="testNGExecution.Remo">
        <test-method signature="remo()[pri:0, instance:testNGExecution.Remo@2421cc4]" started-at="2024-03-13T14:39:21Z" name="remo" finished-at="2024-03-13T14:39:31Z" duration-ms="10205" status="PASS">
          <reporter-output>
          </reporter-output>
        </test-method> <!-- remo -->
      </class> <!-- testNGExecution.Remo -->
      <class name="testNGExecution.Sumo">
        <test-method signature="sumo()[pri:0, instance:testNGExecution.Sumo@59a008ba]" started-at="2024-03-13T14:39:40Z" name="sumo" finished-at="2024-03-13T14:39:49Z" duration-ms="8771" status="PASS">
          <reporter-output>
          </reporter-output>
        </test-method> <!-- sumo -->
      </class> <!-- testNGExecution.Sumo -->
    </test> <!-- Test -->
  </suite> <!-- Suite -->
</testng-results>
